<?xml version="1.0" encoding="UTF-8"?>
<!-- Generated by org.testng.reporters.JUnitXMLReporter -->
<testsuite hostname="DESKTOP-VS0PTQG" ignored="0" name="Test" tests="4" failures="0" timestamp="2022-08-02T12:53:16 IST" time="17.368" errors="0">
  <testcase name="Adactin" time="4.379" classname="com.RunnerClass.RunnerClass2"/>
  <testcase name="search_Hotels" time="2.78" classname="com.RunnerClass.RunnerClass2"/>
  <testcase name="radioButton" time="5.194" classname="com.RunnerClass.RunnerClass2"/>
  <testcase name="book" time="4.788" classname="com.RunnerClass.RunnerClass2"/>
</testsuite> <!-- Test -->
