<?xml version="1.0" encoding="UTF-8"?>
<testng-results skipped="0" failed="0" ignored="0" total="4" passed="4">
  <reporter-output>
  </reporter-output>
  <suite name="Default suite" duration-ms="24087" started-at="2022-08-03T01:53:55 IST" finished-at="2022-08-03T01:54:19 IST">
    <groups>
    </groups>
    <test name="Default test" duration-ms="24087" started-at="2022-08-03T01:53:55 IST" finished-at="2022-08-03T01:54:19 IST">
      <class name="com.RunnerClass.RunnerClass2">
        <test-method status="PASS" signature="Adactin()[pri:0, instance:com.RunnerClass.RunnerClass2@4b6579e8]" name="Adactin" duration-ms="10544" started-at="2022-08-03T01:53:55 IST" finished-at="2022-08-03T01:54:06 IST">
          <reporter-output>
          </reporter-output>
        </test-method> <!-- Adactin -->
        <test-method status="PASS" signature="search_Hotels(java.lang.String,java.lang.String)[pri:1, instance:com.RunnerClass.RunnerClass2@4b6579e8]" name="search_Hotels" duration-ms="2858" started-at="2022-08-03T01:54:06 IST" data-provider="test_Data" finished-at="2022-08-03T01:54:09 IST">
          <params>
            <param index="0">
              <value>
                <![CDATA[12/10/2022]]>
              </value>
            </param>
            <param index="1">
              <value>
                <![CDATA[12/17/2022]]>
              </value>
            </param>
          </params>
          <reporter-output>
          </reporter-output>
        </test-method> <!-- search_Hotels -->
        <test-method status="PASS" signature="radioButton()[pri:2, instance:com.RunnerClass.RunnerClass2@4b6579e8]" name="radioButton" duration-ms="7014" started-at="2022-08-03T01:54:09 IST" finished-at="2022-08-03T01:54:16 IST">
          <reporter-output>
          </reporter-output>
        </test-method> <!-- radioButton -->
        <test-method status="PASS" signature="book(java.lang.String)[pri:3, instance:com.RunnerClass.RunnerClass2@4b6579e8]" name="book" duration-ms="3421" started-at="2022-08-03T01:54:16 IST" data-provider="test_Data1" finished-at="2022-08-03T01:54:19 IST">
          <params>
            <param index="0">
              <value>
                <![CDATA[123]]>
              </value>
            </param>
          </params>
          <reporter-output>
          </reporter-output>
        </test-method> <!-- book -->
      </class> <!-- com.RunnerClass.RunnerClass2 -->
    </test> <!-- Default test -->
  </suite> <!-- Default suite -->
</testng-results>
