<?xml version="1.0" encoding="UTF-8"?>
<!-- Generated by org.testng.reporters.JUnitXMLReporter -->
<testsuite hostname="DESKTOP-VS0PTQG" ignored="0" name="Default test" tests="4" failures="0" timestamp="2022-08-03T01:54:19 IST" time="24.087" errors="0">
  <testcase name="Adactin" time="10.544" classname="com.RunnerClass.RunnerClass2"/>
  <testcase name="search_Hotels" time="2.858" classname="com.RunnerClass.RunnerClass2"/>
  <testcase name="radioButton" time="7.014" classname="com.RunnerClass.RunnerClass2"/>
  <testcase name="book" time="3.421" classname="com.RunnerClass.RunnerClass2"/>
</testsuite> <!-- Default test -->
